#
# There is insufficient memory for the Java Runtime Environment to continue.
# Native memory allocation (malloc) failed to allocate 1048576 bytes for AllocateHeap
# Possible reasons:
#   The system is out of physical RAM or swap space
#   The process is running with CompressedOops enabled, and the Java Heap may be blocking the growth of the native heap
# Possible solutions:
#   Reduce memory load on the system
#   Increase physical memory or swap space
#   Check if swap backing store is full
#   Decrease Java heap size (-Xmx/-Xms)
#   Decrease number of Java threads
#   Decrease Java thread stack sizes (-Xss)
#   Set larger code cache with -XX:ReservedCodeCacheSize=
#   JVM is running with Unscaled Compressed Oops mode in which the Java heap is
#     placed in the first 4GB address space. The Java Heap base address is the
#     maximum limit for the native heap growth. Please use -XX:HeapBaseMinAddress
#     to set the Java Heap base and to place the Java Heap above 4GB virtual address.
# This output file may be truncated or incomplete.
#
#  Out of Memory Error (t:/workspace/open/src/hotspot/share/memory/allocation.cpp:45), pid=14536, tid=17456
#
# JRE version:  (13.0.1+9) (build )
# Java VM: Java HotSpot(TM) 64-Bit Server VM (13.0.1+9, mixed mode, aot, sharing, tiered, compressed oops, g1 gc, windows-amd64)
# No core dump will be written. Minidumps are not enabled by default on client versions of Windows
#

---------------  S U M M A R Y ------------

Command Line: -Dfile.encoding=Cp1252 mainclass

Host: Intel(R) Core(TM) i5-8250U CPU @ 1.60GHz, 8 cores, 3G,  Windows 10 , 64 bit Build 18362 (10.0.18362.329)
Time: Thu Jan  9 23:56:52 2020 GTB Standard Time elapsed time: 0 seconds (0d 0h 0m 0s)

---------------  T H R E A D  ---------------

Current thread (0x000001b1d8b8c000):  JavaThread "Unknown thread" [_thread_in_vm, id=17456, stack(0x0000005a03800000,0x0000005a03900000)]

Stack: [0x0000005a03800000,0x0000005a03900000]
Native frames: (J=compiled Java code, j=interpreted, Vv=VM code, C=native code)
V  [jvm.dll+0x626eca]
V  [jvm.dll+0x772c6a]
V  [jvm.dll+0x77441f]
V  [jvm.dll+0x774a23]
V  [jvm.dll+0x24da58]
V  [jvm.dll+0xbaa2f]
V  [jvm.dll+0x2e2e9d]
V  [jvm.dll+0x74fcc8]
V  [jvm.dll+0x363739]
V  [jvm.dll+0x732dc5]
V  [jvm.dll+0x3ce2ef]
V  [jvm.dll+0x3d0611]
C  [jli.dll+0x51ff]
C  [ucrtbase.dll+0x20e72]
C  [KERNEL32.DLL+0x17bd4]
C  [ntdll.dll+0x6ced1]


---------------  P R O C E S S  ---------------

Threads class SMR info:
_java_thread_list=0x00007ffeb17a46b8, length=0, elements={
}

Java Threads: ( => current thread )

Other Threads:

[error occurred during error reporting (printing all threads), id 0xc0000005, EXCEPTION_ACCESS_VIOLATION (0xc0000005) at pc=0x00007ffeb1417e17]

VM state:not at safepoint (not fully initialized)

VM Mutex/Monitor currently owned by a thread: None


[error occurred during error reporting (printing compressed oops mode), id 0xc0000005, EXCEPTION_ACCESS_VIOLATION (0xc0000005) at pc=0x00007ffeb0f03d77]

GC Heap History (0 events):
No events

Deoptimization events (0 events):
No events

Classes unloaded (0 events):
No events

Classes redefined (0 events):
No events

Internal exceptions (0 events):
No events

Events (8 events):
Event: 0.006 Loaded shared library C:\Program Files\Java\jdk-13.0.1\bin\zip.dll
Event: 0.007 Loaded shared library C:\Program Files\Java\jdk-13.0.1\bin\jimage.dll
Event: 0.008 Loading shared library C:\Program Files\Java\jdk-13.0.1\lib\libjava.base-coop.dll failed, error code 126
Event: 0.008 Loading shared library C:\Program Files\Java\jdk-13.0.1\lib\libjava.logging-coop.dll failed, error code 126
Event: 0.008 Loading shared library C:\Program Files\Java\jdk-13.0.1\lib\libjdk.compiler-coop.dll failed, error code 126
Event: 0.008 Loading shared library C:\Program Files\Java\jdk-13.0.1\lib\libjdk.scripting.nashorn-coop.dll failed, error code 126
Event: 0.008 Loading shared library C:\Program Files\Java\jdk-13.0.1\lib\libjdk.internal.vm.ci-coop.dll failed, error code 126
Event: 0.008 Loading shared library C:\Program Files\Java\jdk-13.0.1\lib\libjdk.internal.vm.compiler-coop.dll failed, error code 126


Dynamic libraries:
0x00007ff7280d0000 - 0x00007ff7280df000 	C:\Program Files\Java\jdk-13.0.1\bin\javaw.exe
0x00007ffef8400000 - 0x00007ffef85f0000 	C:\WINDOWS\SYSTEM32\ntdll.dll
0x00007ffef6930000 - 0x00007ffef69e2000 	C:\WINDOWS\System32\KERNEL32.DLL
0x00007ffef6200000 - 0x00007ffef64a3000 	C:\WINDOWS\System32\KERNELBASE.dll
0x00007ffef5590000 - 0x00007ffef568a000 	C:\WINDOWS\System32\ucrtbase.dll
0x00007ffee2d80000 - 0x00007ffee2d95000 	C:\Program Files\Java\jdk-13.0.1\bin\VCRUNTIME140.dll
0x00007ffeddba0000 - 0x00007ffeddbb8000 	C:\Program Files\Java\jdk-13.0.1\bin\jli.dll
0x00007ffef82a0000 - 0x00007ffef8343000 	C:\WINDOWS\System32\ADVAPI32.dll
0x00007ffef6ee0000 - 0x00007ffef6f7e000 	C:\WINDOWS\System32\msvcrt.dll
0x00007ffef73d0000 - 0x00007ffef7467000 	C:\WINDOWS\System32\sechost.dll
0x00007ffef6f80000 - 0x00007ffef70a0000 	C:\WINDOWS\System32\RPCRT4.dll
0x00007ffef7120000 - 0x00007ffef72b4000 	C:\WINDOWS\System32\USER32.dll
0x00007ffef61d0000 - 0x00007ffef61f1000 	C:\WINDOWS\System32\win32u.dll
0x00007ffeea760000 - 0x00007ffeea9e5000 	C:\WINDOWS\WinSxS\amd64_microsoft.windows.common-controls_6595b64144ccf1df_6.0.18362.535_none_e6c3b34713100821\COMCTL32.dll
0x00007ffef72c0000 - 0x00007ffef72e6000 	C:\WINDOWS\System32\GDI32.dll
0x00007ffef7ef0000 - 0x00007ffef8226000 	C:\WINDOWS\System32\combase.dll
0x00007ffef5730000 - 0x00007ffef58c4000 	C:\WINDOWS\System32\gdi32full.dll
0x00007ffef56b0000 - 0x00007ffef5730000 	C:\WINDOWS\System32\bcryptPrimitives.dll
0x00007ffef5960000 - 0x00007ffef59fe000 	C:\WINDOWS\System32\msvcp_win.dll
0x00007ffeeff80000 - 0x00007ffeeff8a000 	C:\WINDOWS\SYSTEM32\VERSION.dll
0x00007ffef73a0000 - 0x00007ffef73ce000 	C:\WINDOWS\System32\IMM32.DLL
0x00007ffecbdb0000 - 0x00007ffecbe4b000 	C:\Program Files\Java\jdk-13.0.1\bin\msvcp140.dll
0x00007ffeb0ce0000 - 0x00007ffeb1846000 	C:\Program Files\Java\jdk-13.0.1\bin\server\jvm.dll
0x00007ffef6ed0000 - 0x00007ffef6ed8000 	C:\WINDOWS\System32\PSAPI.DLL
0x00007ffee0e40000 - 0x00007ffee0e49000 	C:\WINDOWS\SYSTEM32\WSOCK32.dll
0x00007ffef8350000 - 0x00007ffef83bf000 	C:\WINDOWS\System32\WS2_32.dll
0x00007ffef1f10000 - 0x00007ffef1f34000 	C:\WINDOWS\SYSTEM32\WINMM.dll
0x00007ffef1ee0000 - 0x00007ffef1f0d000 	C:\WINDOWS\SYSTEM32\winmmbase.dll
0x00007ffef5a00000 - 0x00007ffef5a4a000 	C:\WINDOWS\System32\cfgmgr32.dll
0x00007ffef5300000 - 0x00007ffef5311000 	C:\WINDOWS\System32\kernel.appcore.dll
0x00007ffef18a0000 - 0x00007ffef18b0000 	C:\Program Files\Java\jdk-13.0.1\bin\verify.dll
0x00007ffef3c40000 - 0x00007ffef3e34000 	C:\WINDOWS\SYSTEM32\DBGHELP.DLL
0x00007ffee46f0000 - 0x00007ffee471a000 	C:\WINDOWS\SYSTEM32\dbgcore.DLL
0x00007ffee0cc0000 - 0x00007ffee0ce6000 	C:\Program Files\Java\jdk-13.0.1\bin\java.dll
0x00007ffef17d0000 - 0x00007ffef17e7000 	C:\Program Files\Java\jdk-13.0.1\bin\zip.dll
0x00007ffef1800000 - 0x00007ffef180a000 	C:\Program Files\Java\jdk-13.0.1\bin\jimage.dll

dbghelp: loaded successfully - version: 4.0.5 - missing functions: none
symbol engine: initialized successfully - sym options: 0x614 - pdb path: .;C:\Program Files\Java\jdk-13.0.1\bin;C:\WINDOWS\SYSTEM32;C:\WINDOWS\WinSxS\amd64_microsoft.windows.common-controls_6595b64144ccf1df_6.0.18362.535_none_e6c3b34713100821;C:\Program Files\Java\jdk-13.0.1\bin\server

VM Arguments:
jvm_args: -Dfile.encoding=Cp1252 
java_command: mainclass
java_class_path (initial): C:\Users\asus\Desktop\POO\copie proiect\bin
Launcher Type: SUN_STANDARD

[Global flags]
     intx CICompilerCount                          = 4                                         {product} {ergonomic}
     uint G1ConcRefinementThreads                  = 8                                         {product} {ergonomic}
   size_t G1HeapRegionSize                         = 1048576                                   {product} {ergonomic}
    uintx GCDrainStackTargetSize                   = 64                                        {product} {ergonomic}
   size_t InitialHeapSize                          = 67108864                                  {product} {ergonomic}
   size_t MaxHeapSize                              = 1044381696                                {product} {ergonomic}
   size_t MinHeapDeltaBytes                        = 1048576                                   {product} {ergonomic}
   size_t MinHeapSize                              = 8388608                                   {product} {ergonomic}
    uintx NonNMethodCodeHeapSize                   = 5836300                                {pd product} {ergonomic}
    uintx NonProfiledCodeHeapSize                  = 122910970                              {pd product} {ergonomic}
    uintx ProfiledCodeHeapSize                     = 122910970                              {pd product} {ergonomic}
    uintx ReservedCodeCacheSize                    = 251658240                              {pd product} {ergonomic}
     bool SegmentedCodeCache                       = true                                      {product} {ergonomic}
   size_t SoftMaxHeapSize                          = 1044381696                             {manageable} {ergonomic}
     bool UseCompressedClassPointers               = true                                 {lp64_product} {ergonomic}
     bool UseCompressedOops                        = true                                 {lp64_product} {ergonomic}
     bool UseG1GC                                  = true                                      {product} {ergonomic}
     bool UseLargePagesIndividualAllocation        = false                                  {pd product} {ergonomic}

Logging:
Log output configuration:
 #0: stdout all=warning uptime,level,tags
 #1: stderr all=off uptime,level,tags

Environment Variables:
PATH=C:/Program Files/Java/jdk-13.0.1/bin/server;C:/Program Files/Java/jdk-13.0.1/bin;C:\WINDOWS\system32;C:\WINDOWS;C:\WINDOWS\System32\Wbem;C:\WINDOWS\System32\WindowsPowerShell\v1.0\;C:\WINDOWS\System32\OpenSSH\;C:\PROGRA~2\Aldec\ACTIVE~1.3\BIN;C:\Program Files\Java\jdk-13.0.1\bin;C:\Program Files\Java\jdk-13.0.1\bin;C:\Users\asus\AppData\Local\Microsoft\WindowsApps;;C:\WINDOWS\System32;
USERNAME=asus
OS=Windows_NT
PROCESSOR_IDENTIFIER=Intel64 Family 6 Model 142 Stepping 10, GenuineIntel



---------------  S Y S T E M  ---------------

OS: Windows 10 , 64 bit Build 18362 (10.0.18362.329)

CPU:total 8 (initial active 8) (4 cores per cpu, 2 threads per core) family 6 model 142 stepping 10, cmov, cx8, fxsr, mmx, sse, sse2, sse3, ssse3, sse4.1, sse4.2, popcnt, avx, avx2, aes, clmul, erms, 3dnowpref, lzcnt, ht, tsc, tscinvbit, bmi1, bmi2, adx, fma

Memory: 4k page, system-wide physical 3979M (297M free)
TotalPageFile size 16267M (AvailPageFile size 6M)
current process WorkingSet (physical memory assigned to process): 9M, peak: 9M
current process commit charge ("private bytes"): 13M, peak: 14M

vm_info: Java HotSpot(TM) 64-Bit Server VM (13.0.1+9) for windows-amd64 JRE (13.0.1+9), built on Oct  6 2019 12:37:49 by "mach5one" with unknown MS VC++:1916

END.
